c:\fourthproject\hbsolmfc\x64\debug\hbsolmfc.pch
c:\fourthproject\hbsolmfc\x64\debug\vc143.pdb
c:\fourthproject\hbsolmfc\x64\debug\vc143.idb
c:\fourthproject\hbsolmfc\x64\debug\pch.obj
c:\fourthproject\hbsolmfc\x64\debug\markdetector.obj
c:\fourthproject\hbsolmfc\x64\debug\hbsolmfcdlg.obj
c:\fourthproject\hbsolmfc\x64\debug\hbsolmfc.obj
c:\fourthproject\hbsolmfc\x64\debug\hbsolmfc.res
c:\fourthproject\hbsolmfc\x64\debug\hbsolmfc.pdb
c:\fourthproject\hbsolmfc\x64\debug\hbsolmfc.tlog\cl.command.1.tlog
c:\fourthproject\hbsolmfc\x64\debug\hbsolmfc.tlog\cl.read.1.tlog
c:\fourthproject\hbsolmfc\x64\debug\hbsolmfc.tlog\cl.write.1.tlog
c:\fourthproject\hbsolmfc\x64\debug\hbsolmfc.tlog\link-cvtres.read.1.tlog
c:\fourthproject\hbsolmfc\x64\debug\hbsolmfc.tlog\link-cvtres.write.1.tlog
c:\fourthproject\hbsolmfc\x64\debug\hbsolmfc.tlog\link-mt.read.1.tlog
c:\fourthproject\hbsolmfc\x64\debug\hbsolmfc.tlog\link-mt.write.1.tlog
c:\fourthproject\hbsolmfc\x64\debug\hbsolmfc.tlog\link-rc.read.1.tlog
c:\fourthproject\hbsolmfc\x64\debug\hbsolmfc.tlog\link-rc.write.1.tlog
c:\fourthproject\hbsolmfc\x64\debug\hbsolmfc.tlog\link.command.1.tlog
c:\fourthproject\hbsolmfc\x64\debug\hbsolmfc.tlog\link.read.1.tlog
c:\fourthproject\hbsolmfc\x64\debug\hbsolmfc.tlog\link.read.2.tlog
c:\fourthproject\hbsolmfc\x64\debug\hbsolmfc.tlog\link.write.1.tlog
c:\fourthproject\hbsolmfc\x64\debug\hbsolmfc.tlog\rc.command.1.tlog
c:\fourthproject\hbsolmfc\x64\debug\hbsolmfc.tlog\rc.read.1.tlog
c:\fourthproject\hbsolmfc\x64\debug\hbsolmfc.tlog\rc.write.1.tlog
